2024-10-02 15:26:36 INFO  [main] c.e.projektmd.ProjektmdApplication - Starting ProjektmdApplication using Java 22.0.2 with PID 9340 (C:\Users\macie\IdeaProjects\projektmd\target\classes started by macie in C:\Users\macie\IdeaProjects\projektmd)
2024-10-02 15:26:36 INFO  [main] c.e.projektmd.ProjektmdApplication - No active profile set, falling back to 1 default profile: "default"
2024-10-02 15:26:45 INFO  [main] o.s.d.r.c.RepositoryConfigurationDelegate - Bootstrapping Spring Data JPA repositories in DEFAULT mode.
2024-10-02 15:26:45 INFO  [main] o.s.d.r.c.RepositoryConfigurationDelegate - Finished Spring Data repository scanning in 118 ms. Found 3 JPA repository interfaces.
2024-10-02 15:26:48 INFO  [main] o.s.b.w.e.tomcat.TomcatWebServer - Tomcat initialized with port 8080 (http)
2024-10-02 15:26:48 INFO  [main] o.a.coyote.http11.Http11NioProtocol - Initializing ProtocolHandler ["http-nio-8080"]
2024-10-02 15:26:48 INFO  [main] o.a.catalina.core.StandardService - Starting service [Tomcat]
2024-10-02 15:26:48 INFO  [main] o.a.catalina.core.StandardEngine - Starting Servlet engine: [Apache Tomcat/10.1.30]
2024-10-02 15:26:49 INFO  [main] o.a.c.c.C.[Tomcat].[localhost].[/] - Initializing Spring embedded WebApplicationContext
2024-10-02 15:26:49 INFO  [main] o.s.b.w.s.c.ServletWebServerApplicationContext - Root WebApplicationContext: initialization completed in 12747 ms
2024-10-02 15:26:49 INFO  [main] com.zaxxer.hikari.HikariDataSource - HikariPool-1 - Starting...
2024-10-02 15:26:49 INFO  [main] com.zaxxer.hikari.pool.HikariPool - HikariPool-1 - Added connection org.postgresql.jdbc.PgConnection@5345dfe8
2024-10-02 15:26:49 INFO  [main] com.zaxxer.hikari.HikariDataSource - HikariPool-1 - Start completed.
2024-10-02 15:26:50 INFO  [main] liquibase.database - Set default schema name to public
2024-10-02 15:26:51 INFO  [main] liquibase.changelog - Reading from public.databasechangelog
2024-10-02 15:26:51 INFO  [main] liquibase.ui - Database is up to date, no changesets to execute
2024-10-02 15:26:51 INFO  [main] liquibase.changelog - Reading from public.databasechangelog
2024-10-02 15:26:51 INFO  [main] liquibase.util - UPDATE SUMMARY
2024-10-02 15:26:51 INFO  [main] liquibase.util - Run:                          0
2024-10-02 15:26:51 INFO  [main] liquibase.util - Previously run:               2
2024-10-02 15:26:51 INFO  [main] liquibase.util - Filtered out:                 0
2024-10-02 15:26:51 INFO  [main] liquibase.util - -------------------------------
2024-10-02 15:26:51 INFO  [main] liquibase.util - Total change sets:            2
2024-10-02 15:26:51 INFO  [main] liquibase.util - Update summary generated
2024-10-02 15:26:51 INFO  [main] liquibase.lockservice - Successfully released change log lock
2024-10-02 15:26:51 INFO  [main] liquibase.command - Command execution complete
2024-10-02 15:26:52 INFO  [main] o.h.jpa.internal.util.LogHelper - HHH000204: Processing PersistenceUnitInfo [name: default]
2024-10-02 15:26:52 INFO  [main] org.hibernate.Version - HHH000412: Hibernate ORM core version 6.5.3.Final
2024-10-02 15:26:52 INFO  [main] o.h.c.i.RegionFactoryInitiator - HHH000026: Second-level cache disabled
2024-10-02 15:26:53 INFO  [main] o.s.o.j.p.SpringPersistenceUnitInfo - No LoadTimeWeaver setup: ignoring JPA class transformer
2024-10-02 15:26:55 INFO  [main] o.h.e.t.j.p.i.JtaPlatformInitiator - HHH000489: No JTA platform available (set 'hibernate.transaction.jta.platform' to enable JTA platform integration)
2024-10-02 15:26:55 INFO  [main] o.s.o.j.LocalContainerEntityManagerFactoryBean - Initialized JPA EntityManagerFactory for persistence unit 'default'
2024-10-02 15:26:56 WARN  [main] o.s.b.a.o.j.JpaBaseConfiguration$JpaWebConfiguration - spring.jpa.open-in-view is enabled by default. Therefore, database queries may be performed during view rendering. Explicitly configure spring.jpa.open-in-view to disable this warning
2024-10-02 15:26:57 INFO  [main] o.a.coyote.http11.Http11NioProtocol - Starting ProtocolHandler ["http-nio-8080"]
2024-10-02 15:26:57 INFO  [main] o.s.b.w.e.tomcat.TomcatWebServer - Tomcat started on port 8080 (http) with context path '/'
2024-10-02 15:26:58 INFO  [main] c.e.projektmd.ProjektmdApplication - Started ProjektmdApplication in 27.683 seconds (process running for 35.936)
2024-10-02 15:27:17 INFO  [http-nio-8080-exec-3] o.a.c.c.C.[Tomcat].[localhost].[/] - Initializing Spring DispatcherServlet 'dispatcherServlet'
2024-10-02 15:27:17 INFO  [http-nio-8080-exec-3] o.s.web.servlet.DispatcherServlet - Initializing Servlet 'dispatcherServlet'
2024-10-02 15:27:17 INFO  [http-nio-8080-exec-3] o.s.web.servlet.DispatcherServlet - Completed initialization in 5 ms
2024-10-02 15:27:24 INFO  [http-nio-8080-exec-3] o.s.api.AbstractOpenApiResource - Init duration for springdoc-openapi is: 2850 ms
2024-10-02 15:29:28 INFO  [SpringApplicationShutdownHook] o.s.o.j.LocalContainerEntityManagerFactoryBean - Closing JPA EntityManagerFactory for persistence unit 'default'
2024-10-02 15:29:28 INFO  [SpringApplicationShutdownHook] com.zaxxer.hikari.HikariDataSource - HikariPool-1 - Shutdown initiated...
2024-10-02 15:29:28 INFO  [SpringApplicationShutdownHook] com.zaxxer.hikari.HikariDataSource - HikariPool-1 - Shutdown completed.
